<?xml version="1.0" encoding="UTF-8"?>
<!-- Generated by org.testng.reporters.JUnitReportReporter -->
<testsuite skipped="0" hostname="DESKTOP-A7L5GQS" name="com.test.LoginfunctionTest_1001" tests="1" failures="0" timestamp="06 Jun 2018 03:02:15 GMT" time="47.835" errors="0">
  <testcase name="login_1001" time="47.835" classname="com.test.LoginfunctionTest_1001"/>
</testsuite> <!-- com.test.LoginfunctionTest_1001 -->
