<?xml version="1.0" encoding="UTF-8"?>
<!-- Generated by org.testng.reporters.JUnitReportReporter -->
<testsuite skipped="0" hostname="DESKTOP-A7L5GQS" name="com.testing.Logout" tests="1" failures="0" timestamp="07 Jul 2018 20:44:46 GMT" time="0.001" errors="0">
  <testcase name="getsalary" time="0.001" classname="com.testing.Logout"/>
</testsuite> <!-- com.testing.Logout -->
