<?xml version="1.0" encoding="UTF-8"?>
<!-- Generated by org.testng.reporters.JUnitReportReporter -->
<testsuite skipped="1" hostname="DESKTOP-A7L5GQS" name="com.automation.LoginFunctionWithPageFactory" tests="3" failures="0" timestamp="25 Jul 2018 23:17:49 GMT" time="0.016" errors="1">
  <testcase name="logintest" time="0.000" classname="com.automation.LoginFunctionWithPageFactory">
    <skipped/>
  </testcase> <!-- logintest -->
  <testcase name="aftermethod" time="0.007" classname="com.automation.LoginFunctionWithPageFactory">
    <error type="java.lang.NullPointerException">
      <![CDATA[java.lang.NullPointerException
at com.report.BaseTest.aftermethod(BaseTest.java:41)
at sun.reflect.NativeMethodAccessorImpl.invoke0(Native Method)
at sun.reflect.NativeMethodAccessorImpl.invoke(NativeMethodAccessorImpl.java:62)
at sun.reflect.DelegatingMethodAccessorImpl.invoke(DelegatingMethodAccessorImpl.java:43)
at java.lang.reflect.Method.invoke(Method.java:498)
at org.testng.internal.MethodInvocationHelper.invokeMethod(MethodInvocationHelper.java:124)
at org.testng.internal.MethodInvocationHelper.invokeMethodConsideringTimeout(MethodInvocationHelper.java:59)
at org.testng.internal.Invoker.invokeConfigurationMethod(Invoker.java:455)
at org.testng.internal.Invoker.invokeConfigurations(Invoker.java:222)
at org.testng.internal.Invoker.invokeMethod(Invoker.java:643)
at org.testng.internal.Invoker.invokeTestMethod(Invoker.java:716)
at org.testng.internal.Invoker.invokeTestMethods(Invoker.java:988)
at org.testng.internal.TestMethodWorker.invokeTestMethods(TestMethodWorker.java:125)
at org.testng.internal.TestMethodWorker.run(TestMethodWorker.java:109)
at java.util.concurrent.ThreadPoolExecutor.runWorker(ThreadPoolExecutor.java:1149)
at java.util.concurrent.ThreadPoolExecutor$Worker.run(ThreadPoolExecutor.java:624)
at java.lang.Thread.run(Thread.java:748)
]]>
    </error>
  </testcase> <!-- aftermethod -->
  <testcase name="getproduct" time="0.009" classname="com.automation.LoginFunctionWithPageFactory"/>
</testsuite> <!-- com.automation.LoginFunctionWithPageFactory -->
