<?xml version="1.0" encoding="UTF-8"?>
<!-- Generated by org.testng.reporters.JUnitReportReporter -->
<testsuite skipped="0" hostname="DESKTOP-A7L5GQS" name="com.test.LoginfunctionTest_1002" tests="1" failures="0" timestamp="24 Jun 2018 14:07:55 GMT" time="49.945" errors="0">
  <testcase name="login_1002" time="49.945" classname="com.test.LoginfunctionTest_1002"/>
</testsuite> <!-- com.test.LoginfunctionTest_1002 -->
