<?xml version="1.0" encoding="UTF-8"?>
<!-- Generated by org.testng.reporters.JUnitReportReporter -->
<testsuite skipped="0" hostname="DESKTOP-A7L5GQS" name="com.automation.LoginfunctionTest" tests="1" failures="0" timestamp="30 Jun 2018 19:36:51 GMT" time="22.403" errors="0">
  <testcase name="login_1002" time="22.403" classname="com.automation.LoginfunctionTest"/>
</testsuite> <!-- com.automation.LoginfunctionTest -->
